nohup: ignoring input
Using device: cuda
main started
args parsed

============================================================
  M5 TRAINING (BaseModel) — baseline_ablation_sales_yen_hierarchy_embedded_ar_search
  Models : ['hierarchical_gru_det', 'hierarchical_gru_prob', 'hierarchical_quantile_gru']
  Search : True
============================================================
[config] Run directory: /workspace/comp0197-experiments/runs/baseline_ablation_sales_yen_hierarchy_embedded_ar_search
[config] Snapshotted experiment config → /workspace/comp0197-experiments/runs/baseline_ablation_sales_yen_hierarchy_embedded_ar_search/configs/experiment.yml
[config] Snapshotted model config  → /workspace/comp0197-experiments/runs/baseline_ablation_sales_yen_hierarchy_embedded_ar_search/configs/models/hierarchical_gru_det.yml
[config] Snapshotted model config  → /workspace/comp0197-experiments/runs/baseline_ablation_sales_yen_hierarchy_embedded_ar_search/configs/models/hierarchical_gru_prob.yml
[config] Snapshotted model config  → /workspace/comp0197-experiments/runs/baseline_ablation_sales_yen_hierarchy_embedded_ar_search/configs/models/hierarchical_quantile_gru.yml

============================================================
  TRAINING: hierarchical_gru_det
============================================================
[config] Run directory: /workspace/comp0197-experiments/runs/baseline_ablation_sales_yen_hierarchy_embedded_ar_search

[search] Loading data once for all models...
[search] Sampling  : stratified | top_k=1500 | feature_set=sales_yen_hierarchy
Random seed set to 42
[data] Found local sales
[data] Found local calendar
[data] Found local prices
[data] Sales    : (30490, 1947)
[data] Calendar : (1969, 14)
[data] Prices   : (6841121, 4)
[data] Original items: 30490 | Stratified 1500+1500+1500 = 4500 series
[data] Trimmed shape : (4500, 1947)
[data] After melt  : (8734500, 8)
[data] After calendar merge : (8734500, 20)
[data] After price merge    : (8734500, 21)
[data] After hierarchy encoding : (8734500, 27)
[data] Yen-style pipeline (sales_yen_hierarchy): (8734500, 27)
[data] Protocol: yen_v1 — val=112 days, test=56 days
[data] Train : 2011-01-29 -> 2015-12-06  (7,978,500 rows)
[data] Val   : 2015-12-07 -> 2016-03-27  (504,000 rows)
[data] Test  : 2016-03-28 -> 2016-05-22  (252,000 rows)
[data] No normalisation — using raw sales counts
[data] train: 7,731,000 windows  (autoregressive=True)
[data] val: 382,500 windows  (autoregressive=True)
[data] test: 130,500 windows  (autoregressive=True)

[data] Feature set  : sales_yen_hierarchy  (14 features)
[data] Input shape  : (seq_len=28, n_features=14)
[data] Autoregressive: True
[data] Train batches: 3775
[data] Val batches  : 187
[data] Test batches : 64
[DEBUG] Train windows: 7,731,000
[DEBUG] Val windows  : 382,500
[DEBUG] Test windows : 130,500
[data] Vocab sizes  : {'state_id_int': 3, 'store_id_int': 10, 'cat_id_int': 3, 'dept_id_int': 7}
Random seed set to 42
[data] Found local sales
[data] Found local calendar
[data] Found local prices
[data] Sales    : (30490, 1947)
[data] Calendar : (1969, 14)
[data] Prices   : (6841121, 4)
[data] Original items: 30490 | Stratified 1500+1500+1500 = 4500 series
[data] Trimmed shape : (4500, 1947)
[data] After melt  : (8734500, 8)
[data] After calendar merge : (8734500, 20)
[data] After price merge    : (8734500, 21)
[data] After hierarchy encoding : (8734500, 27)
[data] Yen-style pipeline (sales_yen_hierarchy): (8734500, 27)
[data] Protocol: yen_v1 — val=112 days, test=56 days
[data] Train : 2011-01-29 -> 2015-12-06  (7,978,500 rows)
[data] Val   : 2015-12-07 -> 2016-03-27  (504,000 rows)
[data] Test  : 2016-03-28 -> 2016-05-22  (252,000 rows)
[data] No normalisation — using raw sales counts
[data] Revenue weights computed (4500 series, protocol=yen_v1)
[data] train: 7,731,000 windows  (autoregressive=True)
[data] val: 382,500 windows  (autoregressive=True)
[data] test: 130,500 windows  (autoregressive=True)

[data] Feature set  : sales_yen_hierarchy  (14 features)
[data] Input shape  : (seq_len=28, n_features=14)
[data] Autoregressive: True
[data] Train batches: 3775
[data] Val batches  : 187
[data] Test batches : 64
[DEBUG] Train windows: 7,731,000
[DEBUG] Val windows  : 382,500
[DEBUG] Test windows : 130,500
[data] Vocab sizes  : {'state_id_int': 3, 'store_id_int': 10, 'cat_id_int': 3, 'dept_id_int': 7}

============================================================
  SEARCH: hierarchical_gru_det
============================================================

Starting hierarchical_gru_det hyperparameter search

Stage 0: training 8 models for 10 epochs

Starting training...
/workspace/comp0197-experiments/utils/common/training.py:66: FutureWarning: `torch.cuda.amp.GradScaler(args...)` is deprecated. Please use `torch.amp.GradScaler('cuda', args...)` instead.
  scaler = torch.cuda.amp.GradScaler() if use_amp else None
Epoch 01 | train_loss=73.3796 | val_loss=46.8411 | val_rmse=6.8441 | val_mae=3.7277 | val_mape=93.3451 | val_r2=0.1822
Epoch 02 | train_loss=64.6040 | val_loss=41.3728 | val_rmse=6.4322 | val_mae=2.9914 | val_mape=70.5029 | val_r2=0.2776
Epoch 03 | train_loss=59.7894 | val_loss=38.7722 | val_rmse=6.2267 | val_mae=2.7870 | val_mape=61.5072 | val_r2=0.3230
Epoch 04 | train_loss=56.7320 | val_loss=36.3442 | val_rmse=6.0286 | val_mae=2.6606 | val_mape=64.3791 | val_r2=0.3654
Epoch 05 | train_loss=55.0596 | val_loss=35.0082 | val_rmse=5.9168 | val_mae=2.6540 | val_mape=69.9119 | val_r2=0.3888
Epoch 06 | train_loss=53.6985 | val_loss=33.7133 | val_rmse=5.8063 | val_mae=2.7615 | val_mape=67.3560 | val_r2=0.4114
Epoch 07 | train_loss=51.2266 | val_loss=33.8141 | val_rmse=5.8150 | val_mae=2.4977 | val_mape=52.6591 | val_r2=0.4096
Epoch 08 | train_loss=49.7672 | val_loss=33.0189 | val_rmse=5.7462 | val_mae=2.8354 | val_mape=90.6066 | val_r2=0.4235
Epoch 09 | train_loss=49.3417 | val_loss=32.7601 | val_rmse=5.7236 | val_mae=2.8796 | val_mape=96.4634 | val_r2=0.4280
Epoch 10 | train_loss=49.3116 | val_loss=29.7269 | val_rmse=5.4522 | val_mae=2.4360 | val_mape=69.4637 | val_r2=0.4810
Training finished.
Restored best model from early stopping.
Best validation loss 29.7269 at epoch 10

search_stage0_0 training completed in 528.34 seconds

Starting training...
Epoch 01 | train_loss=63.8328 | val_loss=37.3778 | val_rmse=6.1137 | val_mae=2.8419 | val_mape=76.6252 | val_r2=0.3474
Epoch 02 | train_loss=48.8581 | val_loss=27.4491 | val_rmse=5.2392 | val_mae=2.2970 | val_mape=54.6531 | val_r2=0.5207
Epoch 03 | train_loss=39.0770 | val_loss=23.1330 | val_rmse=4.8097 | val_mae=1.9560 | val_mape=69.3594 | val_r2=0.5961
Epoch 04 | train_loss=34.7270 | val_loss=21.3282 | val_rmse=4.6182 | val_mae=1.8172 | val_mape=76.5113 | val_r2=0.6276
Epoch 05 | train_loss=32.2067 | val_loss=41.6124 | val_rmse=6.4508 | val_mae=3.9559 | val_mape=178.2075 | val_r2=0.2734
Epoch 06 | train_loss=30.7897 | val_loss=21.5519 | val_rmse=4.6424 | val_mae=1.8740 | val_mape=71.4946 | val_r2=0.6237
Epoch 07 | train_loss=30.5033 | val_loss=21.9237 | val_rmse=4.6823 | val_mae=2.0927 | val_mape=67.7557 | val_r2=0.6172
Epoch 08 | train_loss=30.0558 | val_loss=22.7463 | val_rmse=4.7693 | val_mae=1.9757 | val_mape=69.7565 | val_r2=0.6029
Epoch 09 | train_loss=29.9238 | val_loss=21.2428 | val_rmse=4.6090 | val_mae=1.9473 | val_mape=69.4450 | val_r2=0.6291
Epoch 10 | train_loss=30.5250 | val_loss=22.0044 | val_rmse=4.6909 | val_mae=1.9203 | val_mape=72.0529 | val_r2=0.6158
Training finished.
Restored best model from early stopping.
Best validation loss 21.2428 at epoch 9

search_stage0_1 training completed in 531.28 seconds

Starting training...
Epoch 01 | train_loss=61.3641 | val_loss=33.7650 | val_rmse=5.8108 | val_mae=2.5479 | val_mape=65.4919 | val_r2=0.4105
Epoch 02 | train_loss=47.9322 | val_loss=28.8148 | val_rmse=5.3679 | val_mae=2.2452 | val_mape=61.1104 | val_r2=0.4969
Epoch 03 | train_loss=42.0983 | val_loss=25.5226 | val_rmse=5.0520 | val_mae=2.1050 | val_mape=71.1157 | val_r2=0.5544
Epoch 04 | train_loss=37.7222 | val_loss=23.6397 | val_rmse=4.8621 | val_mae=2.0198 | val_mape=71.0488 | val_r2=0.5873
Epoch 05 | train_loss=35.0241 | val_loss=23.2482 | val_rmse=4.8216 | val_mae=2.0196 | val_mape=65.2727 | val_r2=0.5941
Epoch 06 | train_loss=33.1356 | val_loss=22.9678 | val_rmse=4.7925 | val_mae=1.9219 | val_mape=71.3155 | val_r2=0.5990
Epoch 07 | train_loss=32.1857 | val_loss=24.9795 | val_rmse=4.9979 | val_mae=2.0169 | val_mape=78.6774 | val_r2=0.5639
Epoch 08 | train_loss=31.6823 | val_loss=22.6922 | val_rmse=4.7636 | val_mae=2.1636 | val_mape=73.9865 | val_r2=0.6038
Epoch 09 | train_loss=31.4872 | val_loss=23.5251 | val_rmse=4.8503 | val_mae=2.0806 | val_mape=69.4887 | val_r2=0.5893
Epoch 10 | train_loss=31.1404 | val_loss=23.7772 | val_rmse=4.8762 | val_mae=1.9581 | val_mape=74.0048 | val_r2=0.5849
Training finished.
Restored best model from early stopping.
Best validation loss 22.6922 at epoch 8

search_stage0_2 training completed in 533.01 seconds

Starting training...
Epoch 01 | train_loss=46.0209 | val_loss=20.5199 | val_rmse=4.5299 | val_mae=1.8505 | val_mape=76.1297 | val_r2=0.6417
Epoch 02 | train_loss=30.8581 | val_loss=22.8750 | val_rmse=4.7828 | val_mae=2.0477 | val_mape=70.2768 | val_r2=0.6006
Epoch 03 | train_loss=29.6597 | val_loss=21.7323 | val_rmse=4.6618 | val_mae=1.9971 | val_mape=57.1908 | val_r2=0.6206
Epoch 04 | train_loss=28.1238 | val_loss=19.5961 | val_rmse=4.4268 | val_mae=1.8326 | val_mape=61.9582 | val_r2=0.6579
Epoch 05 | train_loss=28.4954 | val_loss=38.2960 | val_rmse=6.1884 | val_mae=3.5654 | val_mape=138.9735 | val_r2=0.3314
Epoch 06 | train_loss=27.4985 | val_loss=19.3830 | val_rmse=4.4026 | val_mae=2.1544 | val_mape=79.3887 | val_r2=0.6616
Epoch 07 | train_loss=27.0771 | val_loss=17.7696 | val_rmse=4.2154 | val_mae=1.7092 | val_mape=68.4631 | val_r2=0.6897
Epoch 08 | train_loss=26.3615 | val_loss=20.0210 | val_rmse=4.4745 | val_mae=2.1498 | val_mape=81.9976 | val_r2=0.6504
Epoch 09 | train_loss=28.7250 | val_loss=19.9894 | val_rmse=4.4710 | val_mae=1.7778 | val_mape=63.1529 | val_r2=0.6510
Epoch 10 | train_loss=25.7424 | val_loss=27.8938 | val_rmse=5.2815 | val_mae=2.4700 | val_mape=93.3700 | val_r2=0.5130
Training finished.
Restored best model from early stopping.
Best validation loss 17.7696 at epoch 7

search_stage0_3 training completed in 621.60 seconds

Starting training...
Epoch 01 | train_loss=37.4782 | val_loss=18.1019 | val_rmse=4.2546 | val_mae=1.6584 | val_mape=74.1987 | val_r2=0.6839
Epoch 02 | train_loss=26.8600 | val_loss=18.7705 | val_rmse=4.3325 | val_mae=1.8231 | val_mape=66.4176 | val_r2=0.6723
Epoch 03 | train_loss=25.9606 | val_loss=21.2052 | val_rmse=4.6049 | val_mae=1.8486 | val_mape=69.5713 | val_r2=0.6298
Epoch 04 | train_loss=25.6462 | val_loss=19.4291 | val_rmse=4.4078 | val_mae=1.8336 | val_mape=77.4302 | val_r2=0.6608
Epoch 05 | train_loss=25.5674 | val_loss=19.4544 | val_rmse=4.4107 | val_mae=1.8671 | val_mape=84.3044 | val_r2=0.6603
Epoch 06 | train_loss=24.3299 | val_loss=19.4509 | val_rmse=4.4103 | val_mae=1.7826 | val_mape=79.8201 | val_r2=0.6604
Epoch 07 | train_loss=23.9601 | val_loss=20.5993 | val_rmse=4.5386 | val_mae=1.6989 | val_mape=75.6271 | val_r2=0.6403
Epoch 08 | train_loss=22.7562 | val_loss=17.7906 | val_rmse=4.2179 | val_mae=1.7727 | val_mape=76.9053 | val_r2=0.6894
Epoch 09 | train_loss=22.6343 | val_loss=17.8508 | val_rmse=4.2250 | val_mae=1.6575 | val_mape=79.3004 | val_r2=0.6883
Epoch 10 | train_loss=22.5888 | val_loss=17.1578 | val_rmse=4.1422 | val_mae=1.6765 | val_mape=72.9381 | val_r2=0.7004
Training finished.
Restored best model from early stopping.
Best validation loss 17.1578 at epoch 10

search_stage0_4 training completed in 590.88 seconds

Starting training...
Epoch 01 | train_loss=43.7700 | val_loss=24.4878 | val_rmse=4.9485 | val_mae=1.8797 | val_mape=73.9975 | val_r2=0.5724
Epoch 02 | train_loss=32.4768 | val_loss=22.4212 | val_rmse=4.7351 | val_mae=2.1536 | val_mape=75.9523 | val_r2=0.6085
Epoch 03 | train_loss=29.5784 | val_loss=22.0253 | val_rmse=4.6931 | val_mae=1.9284 | val_mape=84.7204 | val_r2=0.6154
Epoch 04 | train_loss=28.6215 | val_loss=25.4219 | val_rmse=5.0420 | val_mae=2.0006 | val_mape=83.1019 | val_r2=0.5561
Epoch 05 | train_loss=28.3032 | val_loss=20.5665 | val_rmse=4.5350 | val_mae=2.1230 | val_mape=62.2205 | val_r2=0.6409
Epoch 06 | train_loss=27.8928 | val_loss=21.3493 | val_rmse=4.6205 | val_mae=1.8393 | val_mape=80.5764 | val_r2=0.6272
Epoch 07 | train_loss=27.5141 | val_loss=21.1605 | val_rmse=4.6001 | val_mae=1.7928 | val_mape=76.6528 | val_r2=0.6305
Epoch 08 | train_loss=27.2780 | val_loss=19.8872 | val_rmse=4.4595 | val_mae=2.1199 | val_mape=65.9570 | val_r2=0.6528
Epoch 09 | train_loss=26.9909 | val_loss=20.8478 | val_rmse=4.5659 | val_mae=1.8062 | val_mape=76.6553 | val_r2=0.6360
Epoch 10 | train_loss=26.6617 | val_loss=19.1285 | val_rmse=4.3736 | val_mae=1.9183 | val_mape=69.2759 | val_r2=0.6660
Training finished.
Restored best model from early stopping.
Best validation loss 19.1285 at epoch 10

search_stage0_5 training completed in 589.89 seconds

Starting training...
Epoch 01 | train_loss=63.9602 | val_loss=36.0930 | val_rmse=6.0077 | val_mae=2.7182 | val_mape=64.1663 | val_r2=0.3698
Epoch 02 | train_loss=49.8022 | val_loss=29.8557 | val_rmse=5.4640 | val_mae=2.3434 | val_mape=57.7511 | val_r2=0.4787
Epoch 03 | train_loss=43.9059 | val_loss=27.4759 | val_rmse=5.2417 | val_mae=2.2491 | val_mape=69.0600 | val_r2=0.5203
Epoch 04 | train_loss=39.4526 | val_loss=24.0963 | val_rmse=4.9088 | val_mae=2.1182 | val_mape=77.2141 | val_r2=0.5793
Epoch 05 | train_loss=36.3244 | val_loss=24.9255 | val_rmse=4.9925 | val_mae=2.2565 | val_mape=86.9016 | val_r2=0.5648
Epoch 06 | train_loss=34.2066 | val_loss=23.2548 | val_rmse=4.8223 | val_mae=2.1726 | val_mape=57.2413 | val_r2=0.5940
Epoch 07 | train_loss=33.9127 | val_loss=20.9289 | val_rmse=4.5748 | val_mae=1.8759 | val_mape=72.5012 | val_r2=0.6346
Epoch 08 | train_loss=32.5823 | val_loss=26.4585 | val_rmse=5.1438 | val_mae=2.9811 | val_mape=125.8447 | val_r2=0.5380
Epoch 09 | train_loss=32.1733 | val_loss=22.8662 | val_rmse=4.7819 | val_mae=2.0170 | val_mape=68.3834 | val_r2=0.6008
Epoch 10 | train_loss=31.5122 | val_loss=23.9730 | val_rmse=4.8962 | val_mae=2.2607 | val_mape=57.6075 | val_r2=0.5814
Training finished.
Restored best model from early stopping.
Best validation loss 20.9289 at epoch 7

search_stage0_6 training completed in 562.41 seconds

Starting training...
Epoch 01 | train_loss=39.2165 | val_loss=21.0136 | val_rmse=4.5841 | val_mae=1.8226 | val_mape=82.7867 | val_r2=0.6331
Epoch 02 | train_loss=31.6345 | val_loss=24.5324 | val_rmse=4.9530 | val_mae=2.1284 | val_mape=73.9319 | val_r2=0.5717
Epoch 03 | train_loss=32.7060 | val_loss=21.7622 | val_rmse=4.6650 | val_mae=1.9337 | val_mape=73.8777 | val_r2=0.6200
Epoch 04 | train_loss=30.9527 | val_loss=22.0388 | val_rmse=4.6946 | val_mae=2.3717 | val_mape=105.6171 | val_r2=0.6152
Epoch 05 | train_loss=31.5761 | val_loss=24.7313 | val_rmse=4.9731 | val_mae=2.0793 | val_mape=77.0975 | val_r2=0.5682
Epoch 06 | train_loss=30.7835 | val_loss=23.1033 | val_rmse=4.8066 | val_mae=2.0691 | val_mape=67.2973 | val_r2=0.5966
Epoch 07 | train_loss=33.5114 | val_loss=20.7851 | val_rmse=4.5591 | val_mae=1.9497 | val_mape=82.2280 | val_r2=0.6371
Epoch 08 | train_loss=31.3669 | val_loss=20.6572 | val_rmse=4.5450 | val_mae=1.8933 | val_mape=70.9144 | val_r2=0.6393
Epoch 09 | train_loss=31.5870 | val_loss=20.4313 | val_rmse=4.5201 | val_mae=1.9937 | val_mape=88.5171 | val_r2=0.6433
Epoch 10 | train_loss=30.9367 | val_loss=20.3595 | val_rmse=4.5121 | val_mae=1.8816 | val_mape=81.9868 | val_r2=0.6445
Training finished.
Restored best model from early stopping.
Best validation loss 20.3595 at epoch 10

search_stage0_7 training completed in 596.46 seconds
Pruned to 3 models

Stage 1: training 3 models for 10 epochs

Starting training...
Epoch 01 | train_loss=22.5804 | val_loss=16.9860 | val_rmse=4.1214 | val_mae=1.7113 | val_mape=76.3832 | val_r2=0.7034
Epoch 02 | train_loss=22.4762 | val_loss=17.5686 | val_rmse=4.1915 | val_mae=1.6704 | val_mape=74.9323 | val_r2=0.6933
Epoch 03 | train_loss=22.4177 | val_loss=17.2817 | val_rmse=4.1571 | val_mae=1.7444 | val_mape=73.5833 | val_r2=0.6983
Epoch 04 | train_loss=22.1654 | val_loss=18.3056 | val_rmse=4.2785 | val_mae=1.8634 | val_mape=78.1005 | val_r2=0.6804
Epoch 05 | train_loss=22.1266 | val_loss=17.1499 | val_rmse=4.1412 | val_mae=1.7553 | val_mape=70.8616 | val_r2=0.7006
Epoch 06 | train_loss=22.1106 | val_loss=17.2109 | val_rmse=4.1486 | val_mae=1.6490 | val_mape=76.2613 | val_r2=0.6995
Epoch 07 | train_loss=21.9419 | val_loss=17.8708 | val_rmse=4.2274 | val_mae=1.6606 | val_mape=80.4603 | val_r2=0.6880
Epoch 08 | train_loss=21.4709 | val_loss=16.9698 | val_rmse=4.1194 | val_mae=1.6017 | val_mape=76.1218 | val_r2=0.7037
Epoch 09 | train_loss=21.2980 | val_loss=17.2341 | val_rmse=4.1514 | val_mae=1.8158 | val_mape=78.2104 | val_r2=0.6991
Epoch 10 | train_loss=21.2790 | val_loss=17.2488 | val_rmse=4.1532 | val_mae=1.7377 | val_mape=66.9623 | val_r2=0.6988
Training finished.
Restored best model from early stopping.
Best validation loss 16.9698 at epoch 8

search_stage1_0 training completed in 601.18 seconds

Starting training...
Epoch 01 | train_loss=26.5118 | val_loss=18.4373 | val_rmse=4.2939 | val_mae=1.9136 | val_mape=66.1056 | val_r2=0.6781
Epoch 02 | train_loss=26.8007 | val_loss=17.6481 | val_rmse=4.2010 | val_mae=1.9181 | val_mape=60.6301 | val_r2=0.6919
Epoch 03 | train_loss=26.2725 | val_loss=19.9461 | val_rmse=4.4661 | val_mae=2.3179 | val_mape=83.0711 | val_r2=0.6517
Epoch 04 | train_loss=26.5716 | val_loss=19.1237 | val_rmse=4.3731 | val_mae=1.8107 | val_mape=62.9220 | val_r2=0.6661
Epoch 05 | train_loss=26.8649 | val_loss=27.4527 | val_rmse=5.2395 | val_mae=3.1826 | val_mape=122.6442 | val_r2=0.5207
Epoch 06 | train_loss=26.2949 | val_loss=18.6472 | val_rmse=4.3182 | val_mae=1.7136 | val_mape=68.2791 | val_r2=0.6744
Epoch 07 | train_loss=25.8489 | val_loss=20.7175 | val_rmse=4.5516 | val_mae=1.8036 | val_mape=69.4797 | val_r2=0.6383
Epoch 08 | train_loss=26.4306 | val_loss=31.4456 | val_rmse=5.6076 | val_mae=3.5984 | val_mape=146.8944 | val_r2=0.4510
Epoch 09 | train_loss=24.0459 | val_loss=19.6557 | val_rmse=4.4335 | val_mae=1.7582 | val_mape=67.3297 | val_r2=0.6568
Epoch 10 | train_loss=23.9995 | val_loss=17.4254 | val_rmse=4.1744 | val_mae=1.7722 | val_mape=64.3493 | val_r2=0.6958
Training finished.
Restored best model from early stopping.
Best validation loss 17.4254 at epoch 10

search_stage1_1 training completed in 624.17 seconds

Starting training...
Epoch 01 | train_loss=26.5274 | val_loss=19.8822 | val_rmse=4.4589 | val_mae=2.0219 | val_mape=69.3930 | val_r2=0.6529
Epoch 02 | train_loss=26.5383 | val_loss=20.0199 | val_rmse=4.4744 | val_mae=1.9204 | val_mape=71.5459 | val_r2=0.6505
Epoch 03 | train_loss=26.1073 | val_loss=19.3014 | val_rmse=4.3933 | val_mae=1.8309 | val_mape=69.1432 | val_r2=0.6630
Epoch 04 | train_loss=25.8458 | val_loss=21.8750 | val_rmse=4.6771 | val_mae=1.9794 | val_mape=64.7017 | val_r2=0.6181
Epoch 05 | train_loss=26.0947 | val_loss=19.4206 | val_rmse=4.4069 | val_mae=1.7604 | val_mape=72.0431 | val_r2=0.6609
Epoch 06 | train_loss=26.0811 | val_loss=24.4174 | val_rmse=4.9414 | val_mae=1.9298 | val_mape=69.6225 | val_r2=0.5737
Epoch 07 | train_loss=24.6603 | val_loss=20.7928 | val_rmse=4.5599 | val_mae=1.8001 | val_mape=68.9374 | val_r2=0.6370
Epoch 08 | train_loss=24.4403 | val_loss=19.4273 | val_rmse=4.4076 | val_mae=1.8451 | val_mape=61.6908 | val_r2=0.6608
Epoch 09 | train_loss=24.2129 | val_loss=20.2744 | val_rmse=4.5027 | val_mae=2.1118 | val_mape=96.8562 | val_r2=0.6460
Epoch 10 | train_loss=24.0207 | val_loss=18.9326 | val_rmse=4.3512 | val_mae=1.7735 | val_mape=69.9330 | val_r2=0.6694
Training finished.
Restored best model from early stopping.
Best validation loss 18.9326 at epoch 10

search_stage1_2 training completed in 591.31 seconds
Pruned to 2 models

Stage 2: training 2 models for 20 epochs

Starting training...
Epoch 01 | train_loss=21.3237 | val_loss=17.2996 | val_rmse=4.1593 | val_mae=1.8880 | val_mape=83.6175 | val_r2=0.6979
Epoch 02 | train_loss=21.2372 | val_loss=17.8067 | val_rmse=4.2198 | val_mae=1.7502 | val_mape=72.5078 | val_r2=0.6891
Epoch 03 | train_loss=21.1598 | val_loss=17.5039 | val_rmse=4.1838 | val_mae=1.8786 | val_mape=78.0984 | val_r2=0.6944
Epoch 04 | train_loss=21.0445 | val_loss=16.6193 | val_rmse=4.0767 | val_mae=1.7808 | val_mape=71.6405 | val_r2=0.7098
Epoch 05 | train_loss=21.0155 | val_loss=17.9109 | val_rmse=4.2321 | val_mae=1.8301 | val_mape=74.7129 | val_r2=0.6873
Epoch 06 | train_loss=21.0724 | val_loss=16.6363 | val_rmse=4.0788 | val_mae=1.7865 | val_mape=67.6950 | val_r2=0.7095
Epoch 07 | train_loss=21.0260 | val_loss=16.6252 | val_rmse=4.0774 | val_mae=1.7625 | val_mape=67.1790 | val_r2=0.7097
Epoch 08 | train_loss=20.9325 | val_loss=16.6914 | val_rmse=4.0855 | val_mae=1.7473 | val_mape=74.7961 | val_r2=0.7086
Epoch 09 | train_loss=20.9494 | val_loss=16.5765 | val_rmse=4.0714 | val_mae=1.8163 | val_mape=72.5169 | val_r2=0.7106
Epoch 10 | train_loss=20.8712 | val_loss=16.6759 | val_rmse=4.0836 | val_mae=1.7574 | val_mape=67.6325 | val_r2=0.7088
Epoch 11 | train_loss=20.8311 | val_loss=17.1901 | val_rmse=4.1461 | val_mae=1.8880 | val_mape=72.2554 | val_r2=0.6999
Epoch 12 | train_loss=20.7914 | val_loss=16.5256 | val_rmse=4.0652 | val_mae=1.8539 | val_mape=61.2448 | val_r2=0.7115
Epoch 13 | train_loss=20.7974 | val_loss=16.4271 | val_rmse=4.0530 | val_mae=1.7901 | val_mape=62.9378 | val_r2=0.7132
Epoch 14 | train_loss=20.7831 | val_loss=17.6713 | val_rmse=4.2037 | val_mae=1.9733 | val_mape=75.3447 | val_r2=0.6915
Epoch 15 | train_loss=20.6602 | val_loss=16.5622 | val_rmse=4.0697 | val_mae=1.7690 | val_mape=67.0026 | val_r2=0.7108
Epoch 16 | train_loss=20.6165 | val_loss=17.4863 | val_rmse=4.1817 | val_mae=1.7733 | val_mape=66.3209 | val_r2=0.6947
Epoch 17 | train_loss=20.5703 | val_loss=16.7776 | val_rmse=4.0960 | val_mae=1.8722 | val_mape=70.6142 | val_r2=0.7071
Epoch 18 | train_loss=20.5960 | val_loss=16.7399 | val_rmse=4.0914 | val_mae=1.7805 | val_mape=68.5173 | val_r2=0.7077
Epoch 19 | train_loss=20.5929 | val_loss=16.3774 | val_rmse=4.0469 | val_mae=1.7394 | val_mape=68.1632 | val_r2=0.7141
Epoch 20 | train_loss=20.5304 | val_loss=16.3803 | val_rmse=4.0473 | val_mae=1.6716 | val_mape=69.2282 | val_r2=0.7140
Training finished.
Restored best model from early stopping.
Best validation loss 16.3774 at epoch 19

search_stage2_0 training completed in 1198.92 seconds

Starting training...
Epoch 01 | train_loss=24.0603 | val_loss=18.1644 | val_rmse=4.2620 | val_mae=1.7805 | val_mape=63.2718 | val_r2=0.6828
Epoch 02 | train_loss=23.8723 | val_loss=25.5548 | val_rmse=5.0552 | val_mae=2.7156 | val_mape=110.3905 | val_r2=0.5538
Epoch 03 | train_loss=24.0821 | val_loss=18.0099 | val_rmse=4.2438 | val_mae=1.8893 | val_mape=71.1184 | val_r2=0.6855
Epoch 04 | train_loss=23.4813 | val_loss=18.9957 | val_rmse=4.3584 | val_mae=1.7151 | val_mape=67.6434 | val_r2=0.6683
Epoch 05 | train_loss=23.5020 | val_loss=20.9380 | val_rmse=4.5758 | val_mae=1.8560 | val_mape=75.3391 | val_r2=0.6344
Epoch 06 | train_loss=24.0229 | val_loss=20.4615 | val_rmse=4.5234 | val_mae=2.3786 | val_mape=84.5079 | val_r2=0.6427
Epoch 07 | train_loss=22.5601 | val_loss=19.1042 | val_rmse=4.3708 | val_mae=1.7421 | val_mape=66.9822 | val_r2=0.6664
Epoch 08 | train_loss=22.4140 | val_loss=16.8898 | val_rmse=4.1097 | val_mae=1.6877 | val_mape=69.3346 | val_r2=0.7051
Epoch 09 | train_loss=22.4265 | val_loss=16.9986 | val_rmse=4.1229 | val_mae=1.8233 | val_mape=71.0618 | val_r2=0.7032
Epoch 10 | train_loss=22.4357 | val_loss=18.0073 | val_rmse=4.2435 | val_mae=1.6881 | val_mape=65.3724 | val_r2=0.6856
Epoch 11 | train_loss=22.4802 | val_loss=19.4740 | val_rmse=4.4129 | val_mae=2.2370 | val_mape=81.1631 | val_r2=0.6600
Epoch 12 | train_loss=22.3853 | val_loss=17.5550 | val_rmse=4.1899 | val_mae=1.6403 | val_mape=69.0322 | val_r2=0.6935
Epoch 13 | train_loss=22.4225 | val_loss=17.4317 | val_rmse=4.1751 | val_mae=1.8974 | val_mape=76.1312 | val_r2=0.6956
Epoch 14 | train_loss=22.3209 | val_loss=16.9100 | val_rmse=4.1122 | val_mae=1.8021 | val_mape=67.6649 | val_r2=0.7048
Epoch 15 | train_loss=21.5875 | val_loss=16.7432 | val_rmse=4.0918 | val_mae=1.7332 | val_mape=67.1732 | val_r2=0.7077
Epoch 16 | train_loss=21.6000 | val_loss=18.0729 | val_rmse=4.2512 | val_mae=1.6609 | val_mape=66.4629 | val_r2=0.6844
Epoch 17 | train_loss=21.5608 | val_loss=17.4393 | val_rmse=4.1760 | val_mae=1.9568 | val_mape=72.0644 | val_r2=0.6955
Epoch 18 | train_loss=21.4839 | val_loss=17.2735 | val_rmse=4.1561 | val_mae=1.6504 | val_mape=65.7270 | val_r2=0.6984
Epoch 19 | train_loss=21.6507 | val_loss=16.6388 | val_rmse=4.0791 | val_mae=1.6959 | val_mape=65.7461 | val_r2=0.7095
Epoch 20 | train_loss=21.5128 | val_loss=17.4304 | val_rmse=4.1750 | val_mae=1.6582 | val_mape=64.7739 | val_r2=0.6957
Training finished.
Restored best model from early stopping.
Best validation loss 16.6388 at epoch 19

search_stage2_1 training completed in 1246.83 seconds
Pruned to 1 models

Hyperparameter search summary saved to: /workspace/comp0197-experiments/runs/baseline_ablation_sales_yen_hierarchy_embedded_ar_search/models/hierarchical_gru_det/hierarchical_gru_det_search.json
Best hierarchical_gru_det configuration:
{'split_protocol': 'yen_v1', 'weight_protocol': 'yen_v1', 'data_dir': './data', 'sampling': 'all', 'top_k_series': 30490, 'feature_set': 'sales_yen_hierarchy', 'seq_len': 28, 'horizon': 28, 'autoregressive': True, 'use_normalise': False, 'epochs': 60, 'early_stopping_patience': 8, 'early_stopping_min_delta': 0.0005, 'batch_size': 2048, 'num_workers': 8, 'seed': 42, 'optimiser': 'adamw', 'optimiser_params': {'lr': 0.0007972969692987079, 'weight_decay': 1.4373826749910744e-05}, 'scheduler': 'plateau', 'scheduler_params': {'patience': 5, 'factor': 0.5}, 'clip_grad_norm': 0.5587125203332078, 'hidden': 160, 'layers': 2, 'dropout': 0.13322438029822056, 'embed_dim': 10, 'n_features': 14, 'vocab_sizes': {'state_id_int': 3, 'store_id_int': 10, 'cat_id_int': 3, 'dept_id_int': 7}, 'feature_index': {'sales': 0, 'sell_price': 1, 'is_available': 2, 'wday': 3, 'month': 4, 'year': 5, 'snap_CA': 6, 'snap_TX': 7, 'snap_WI': 8, 'has_event': 9, 'state_id_int': 10, 'store_id_int': 11, 'cat_id_int': 12, 'dept_id_int': 13}}
[config] Best config written → /workspace/comp0197-experiments/runs/baseline_ablation_sales_yen_hierarchy_embedded_ar_search/configs/models/hierarchical_gru_det.yml

  Best config for hierarchical_gru_det:
    split_protocol: yen_v1
    weight_protocol: yen_v1
    data_dir: ./data
    sampling: all
    top_k_series: 30490
    feature_set: sales_yen_hierarchy
    seq_len: 28
    horizon: 28
    autoregressive: True
    use_normalise: False
    epochs: 60
    early_stopping_patience: 8
    early_stopping_min_delta: 0.0005
    batch_size: 2048
    num_workers: 8
    seed: 42
    optimiser: adamw
    optimiser_params.lr: 0.0007972969692987079
    optimiser_params.weight_decay: 1.4373826749910744e-05
    scheduler: plateau
    scheduler_params.patience: 5
    scheduler_params.factor: 0.5
    clip_grad_norm: 0.5587125203332078
    hidden: 160
    layers: 2
    dropout: 0.13322438029822056
    embed_dim: 10
    n_features: 14
    vocab_sizes.state_id_int: 3
    vocab_sizes.store_id_int: 10
    vocab_sizes.cat_id_int: 3
    vocab_sizes.dept_id_int: 7
    feature_index.sales: 0
    feature_index.sell_price: 1
    feature_index.is_available: 2
    feature_index.wday: 3
    feature_index.month: 4
    feature_index.year: 5
    feature_index.snap_CA: 6
    feature_index.snap_TX: 7
    feature_index.snap_WI: 8
    feature_index.has_event: 9
    feature_index.state_id_int: 10
    feature_index.store_id_int: 11
    feature_index.cat_id_int: 12
    feature_index.dept_id_int: 13

[models] Search detour complete for hierarchical_gru_det
Random seed set to 42
Loaded cached data splits.
[data] After hierarchy encoding : (59181090, 28)
[data] train: 52,381,820 windows  (autoregressive=True)
[data] val: 2,591,650 windows  (autoregressive=True)
[data] test: 884,210 windows  (autoregressive=True)
[preprocess] hierarchical_gru_det — 52,381,820 train / 2,591,650 val / 884,210 test windows
Random seed set to 42

Starting training...
/workspace/comp0197-experiments/utils/common/training.py:66: FutureWarning: `torch.cuda.amp.GradScaler(args...)` is deprecated. Please use `torch.amp.GradScaler('cuda', args...)` instead.
  scaler = torch.cuda.amp.GradScaler() if use_amp else None
Epoch 01 | train_loss=6.0931 | val_loss=4.9052 | val_rmse=2.2148 | val_mae=0.9545 | val_mape=70.9447 | val_r2=0.5987
Epoch 02 | train_loss=5.5291 | val_loss=5.0150 | val_rmse=2.2394 | val_mae=0.9441 | val_mape=70.0865 | val_r2=0.5897
Epoch 03 | train_loss=5.4366 | val_loss=4.7084 | val_rmse=2.1699 | val_mae=1.0527 | val_mape=53.1122 | val_r2=0.6148
Epoch 04 | train_loss=5.4217 | val_loss=5.3457 | val_rmse=2.3121 | val_mae=0.9916 | val_mape=63.7669 | val_r2=0.5627
Epoch 05 | train_loss=5.3593 | val_loss=4.9351 | val_rmse=2.2215 | val_mae=0.9760 | val_mape=65.2893 | val_r2=0.5963
Epoch 06 | train_loss=5.3670 | val_loss=5.0509 | val_rmse=2.2474 | val_mae=1.1087 | val_mape=55.8794 | val_r2=0.5868
Epoch 07 | train_loss=5.3514 | val_loss=4.7702 | val_rmse=2.1841 | val_mae=1.1735 | val_mape=56.9587 | val_r2=0.6098
Epoch 08 | train_loss=5.3769 | val_loss=5.6607 | val_rmse=2.3792 | val_mae=1.5001 | val_mape=68.2059 | val_r2=0.5369
Epoch 09 | train_loss=5.3400 | val_loss=4.7878 | val_rmse=2.1881 | val_mae=1.0312 | val_mape=57.8434 | val_r2=0.6083
Epoch 10 | train_loss=5.0527 | val_loss=4.6866 | val_rmse=2.1648 | val_mae=1.0085 | val_mape=59.2729 | val_r2=0.6166
Epoch 11 | train_loss=5.0594 | val_loss=4.7073 | val_rmse=2.1696 | val_mae=1.0093 | val_mape=63.6170 | val_r2=0.6149
Epoch 12 | train_loss=5.0960 | val_loss=4.9372 | val_rmse=2.2220 | val_mae=1.0090 | val_mape=65.1818 | val_r2=0.5961
Epoch 13 | train_loss=5.0705 | val_loss=4.8605 | val_rmse=2.2047 | val_mae=1.2023 | val_mape=58.2808 | val_r2=0.6024
Epoch 14 | train_loss=5.0937 | val_loss=5.2478 | val_rmse=2.2908 | val_mae=1.3986 | val_mape=66.1189 | val_r2=0.5707
Epoch 15 | train_loss=5.1263 | val_loss=5.0156 | val_rmse=2.2395 | val_mae=1.0575 | val_mape=55.5321 | val_r2=0.5897
Epoch 16 | train_loss=5.1400 | val_loss=5.7731 | val_rmse=2.4027 | val_mae=0.9778 | val_mape=67.4938 | val_r2=0.5277
Epoch 17 | train_loss=4.9215 | val_loss=4.6225 | val_rmse=2.1500 | val_mae=0.9539 | val_mape=63.1477 | val_r2=0.6218
Epoch 18 | train_loss=4.9274 | val_loss=4.6147 | val_rmse=2.1482 | val_mae=1.0810 | val_mape=57.6613 | val_r2=0.6225
Epoch 19 | train_loss=4.9286 | val_loss=4.4855 | val_rmse=2.1179 | val_mae=0.9813 | val_mape=59.2208 | val_r2=0.6330
Epoch 20 | train_loss=4.9520 | val_loss=4.5534 | val_rmse=2.1339 | val_mae=1.0453 | val_mape=56.9313 | val_r2=0.6275
Epoch 21 | train_loss=4.9445 | val_loss=4.9978 | val_rmse=2.2356 | val_mae=1.2981 | val_mape=61.1567 | val_r2=0.5911
Epoch 22 | train_loss=4.9214 | val_loss=5.0938 | val_rmse=2.2569 | val_mae=1.3473 | val_mape=63.6347 | val_r2=0.5833
Epoch 23 | train_loss=4.9102 | val_loss=5.2008 | val_rmse=2.2805 | val_mae=0.9853 | val_mape=71.0193 | val_r2=0.5745
Epoch 24 | train_loss=4.9103 | val_loss=4.6983 | val_rmse=2.1676 | val_mae=1.0080 | val_mape=56.9371 | val_r2=0.6156
Epoch 25 | train_loss=4.9521 | val_loss=4.9250 | val_rmse=2.2192 | val_mae=0.9597 | val_mape=66.3041 | val_r2=0.5971
Epoch 26 | train_loss=4.7972 | val_loss=4.7614 | val_rmse=2.1821 | val_mae=0.9058 | val_mape=68.4333 | val_r2=0.6105
Early stopping triggered at epoch 27
Training finished.
Restored best model from early stopping.
Best validation loss 4.4855 at epoch 19
Model saved to: /workspace/comp0197-experiments/runs/baseline_ablation_sales_yen_hierarchy_embedded_ar_search/models/hierarchical_gru_det/hierarchical_gru_det_model.pt
History saved to: /workspace/comp0197-experiments/runs/baseline_ablation_sales_yen_hierarchy_embedded_ar_search/models/hierarchical_gru_det/hierarchical_gru_det_train_history.json

hierarchical_gru_det training completed in 12933.88 seconds

hierarchical_gru_det model:
HierarchicalGRU(
  (embedder): _HierarchyEmbedder(
    (state_emb): Embedding(3, 10)
    (store_emb): Embedding(10, 10)
    (cat_emb): Embedding(3, 10)
    (dept_emb): Embedding(7, 10)
  )
  (gru): GRU(50, 160, num_layers=2, batch_first=True, dropout=0.13322438029822056)
  (fc): Linear(in_features=160, out_features=1, bias=True)
)

hierarchical_gru_det final epoch metrics:
{'epoch': 27, 'train_loss': 4.793320178985596, 'validation_loss': 4.935945491315146, 'validation_accuracy': None, 'val_rmse': 2.221698760986328, 'val_mae': 0.9249355792999268, 'val_mape': 71.91382646560669, 'val_r2': 0.5961926579475403}

  [DONE] hierarchical_gru_det — artefacts in /workspace/comp0197-experiments/runs/baseline_ablation_sales_yen_hierarchy_embedded_ar_search/models/hierarchical_gru_det

  [DONE] hierarchical_gru_det

============================================================
  TRAINING: hierarchical_gru_prob
============================================================
[config] Run directory: /workspace/comp0197-experiments/runs/baseline_ablation_sales_yen_hierarchy_embedded_ar_search

[search] Loading data once for all models...
[search] Sampling  : stratified | top_k=1500 | feature_set=sales_yen_hierarchy
Random seed set to 42
[data] Found local sales
[data] Found local calendar
[data] Found local prices
[data] Sales    : (30490, 1947)
[data] Calendar : (1969, 14)
[data] Prices   : (6841121, 4)
[data] Original items: 30490 | Stratified 1500+1500+1500 = 4500 series
[data] Trimmed shape : (4500, 1947)
[data] After melt  : (8734500, 8)
[data] After calendar merge : (8734500, 20)
[data] After price merge    : (8734500, 21)
[data] After hierarchy encoding : (8734500, 27)
[data] Yen-style pipeline (sales_yen_hierarchy): (8734500, 27)
[data] Protocol: yen_v1 — val=112 days, test=56 days
[data] Train : 2011-01-29 -> 2015-12-06  (7,978,500 rows)
[data] Val   : 2015-12-07 -> 2016-03-27  (504,000 rows)
[data] Test  : 2016-03-28 -> 2016-05-22  (252,000 rows)
[data] No normalisation — using raw sales counts
[data] train: 7,731,000 windows  (autoregressive=True)
[data] val: 382,500 windows  (autoregressive=True)
[data] test: 130,500 windows  (autoregressive=True)

[data] Feature set  : sales_yen_hierarchy  (14 features)
[data] Input shape  : (seq_len=28, n_features=14)
[data] Autoregressive: True
[data] Train batches: 3775
[data] Val batches  : 187
[data] Test batches : 64
[DEBUG] Train windows: 7,731,000
[DEBUG] Val windows  : 382,500
[DEBUG] Test windows : 130,500
[data] Vocab sizes  : {'state_id_int': 3, 'store_id_int': 10, 'cat_id_int': 3, 'dept_id_int': 7}
Random seed set to 42
[data] Found local sales
[data] Found local calendar
[data] Found local prices
[data] Sales    : (30490, 1947)
[data] Calendar : (1969, 14)
[data] Prices   : (6841121, 4)
[data] Original items: 30490 | Stratified 1500+1500+1500 = 4500 series
[data] Trimmed shape : (4500, 1947)
[data] After melt  : (8734500, 8)
[data] After calendar merge : (8734500, 20)
[data] After price merge    : (8734500, 21)
[data] After hierarchy encoding : (8734500, 27)
[data] Yen-style pipeline (sales_yen_hierarchy): (8734500, 27)
[data] Protocol: yen_v1 — val=112 days, test=56 days
[data] Train : 2011-01-29 -> 2015-12-06  (7,978,500 rows)
[data] Val   : 2015-12-07 -> 2016-03-27  (504,000 rows)
[data] Test  : 2016-03-28 -> 2016-05-22  (252,000 rows)
[data] No normalisation — using raw sales counts
[data] Revenue weights computed (4500 series, protocol=yen_v1)
[data] train: 7,731,000 windows  (autoregressive=True)
[data] val: 382,500 windows  (autoregressive=True)
[data] test: 130,500 windows  (autoregressive=True)

[data] Feature set  : sales_yen_hierarchy  (14 features)
[data] Input shape  : (seq_len=28, n_features=14)
[data] Autoregressive: True
[data] Train batches: 3775
[data] Val batches  : 187
[data] Test batches : 64
[DEBUG] Train windows: 7,731,000
[DEBUG] Val windows  : 382,500
[DEBUG] Test windows : 130,500
[data] Vocab sizes  : {'state_id_int': 3, 'store_id_int': 10, 'cat_id_int': 3, 'dept_id_int': 7}

============================================================
  SEARCH: hierarchical_gru_prob
============================================================

Starting hierarchical_gru_prob hyperparameter search

Stage 0: training 8 models for 10 epochs

Starting training...
Epoch 01 | train_loss=3.8732 | val_loss=3.1559 | val_rmse=5.4978 | val_mae=2.3160 | val_mape=59.1115 | val_r2=0.4723
Epoch 02 | train_loss=3.3784 | val_loss=3.0211 | val_rmse=4.8464 | val_mae=1.9491 | val_mape=62.3917 | val_r2=0.5899
Epoch 03 | train_loss=3.2327 | val_loss=2.9767 | val_rmse=4.6118 | val_mae=1.8686 | val_mape=62.9536 | val_r2=0.6287
Epoch 04 | train_loss=3.1514 | val_loss=2.9481 | val_rmse=4.4541 | val_mae=2.0637 | val_mape=77.3332 | val_r2=0.6536
Epoch 05 | train_loss=3.1076 | val_loss=2.9373 | val_rmse=4.3929 | val_mae=1.9983 | val_mape=74.5900 | val_r2=0.6631
Epoch 06 | train_loss=3.0860 | val_loss=2.9218 | val_rmse=4.3039 | val_mae=1.8146 | val_mape=64.7931 | val_r2=0.6766
Epoch 07 | train_loss=3.0808 | val_loss=2.9179 | val_rmse=4.2812 | val_mae=1.7373 | val_mape=73.8583 | val_r2=0.6800
Epoch 08 | train_loss=3.0686 | val_loss=2.9387 | val_rmse=4.4006 | val_mae=1.7274 | val_mape=73.2304 | val_r2=0.6619
